<?xml version="1.0" encoding="UTF-8"?>
<!-- Generated by org.testng.reporters.JUnitReportReporter -->
<testsuite skipped="0" hostname="XATLCAMP13760" name="ApiSuite.VoterInfo" tests="4" failures="0" timestamp="2020-04-06T01:51:41 EDT" time="0.928" errors="0">
  <testcase name="getVoterInfoWithAddressAllOptionsFalseValidResponse" time="0.245" classname="ApiSuite.VoterInfo"/>
  <system-out/>
  <testcase name="getVoterInfoWithAddressAllOptionsTrueValidResponse" time="0.256" classname="ApiSuite.VoterInfo"/>
  <system-out/>
  <testcase name="getVoterInfoWithAddressOfficalOnlyFalseValidResponse" time="0.260" classname="ApiSuite.VoterInfo"/>
  <system-out/>
  <testcase name="getVoterInfoWithoutAddressInvalidResponse" time="0.167" classname="ApiSuite.VoterInfo"/>
  <system-out/>
</testsuite> <!-- ApiSuite.VoterInfo -->
