<?xml version="1.0" encoding="UTF-8"?>
<!-- Generated by org.testng.reporters.JUnitReportReporter -->
<testsuite skipped="0" hostname="XATLCAMP13760" name="ApiSuite.VoterInfo_Get_Request" tests="4" failures="0" timestamp="2020-04-05T21:48:33 EDT" time="3.053" errors="0">
  <testcase name="getVoterInfoWithAddressAllOptionsTrueValidResponse" time="0.239" classname="ApiSuite.VoterInfo_Get_Request"/>
  <system-out/>
  <testcase name="getVoterInfoWithoutAddressInvalidResponse" time="0.187" classname="ApiSuite.VoterInfo_Get_Request"/>
  <system-out/>
  <testcase name="getVoterInfoWithAddressOfficalOnlyFalseValidResponse" time="0.341" classname="ApiSuite.VoterInfo_Get_Request"/>
  <system-out/>
  <testcase name="getVoterInfoWithAddressAllOptionsFalseValidResponse" time="2.286" classname="ApiSuite.VoterInfo_Get_Request"/>
  <system-out/>
</testsuite> <!-- ApiSuite.VoterInfo_Get_Request -->
