<?xml version="1.0" encoding="UTF-8"?>
<!-- Generated by org.testng.reporters.JUnitReportReporter -->
<testsuite skipped="0" hostname="XATLCAMP13760" name="ApiSuite.Election_Get_Request" tests="1" failures="0" timestamp="2020-04-05T19:51:56 EDT" time="2.404" errors="0">
  <testcase name="getElectionDetailsWithValidResponse" time="2.404" classname="ApiSuite.Election_Get_Request"/>
  <system-out/>
</testsuite> <!-- ApiSuite.Election_Get_Request -->
