<?xml version="1.0" encoding="UTF-8"?>
<!-- Generated by org.testng.reporters.JUnitReportReporter -->
<testsuite skipped="0" hostname="XATLCAMP13760" name="Divisions_Get_Request" tests="2" failures="0" timestamp="2020-04-05T19:22:49 EDT" time="2.522" errors="0">
  <testcase name="getDivisionDetailsForbidden" time="2.315" classname="Divisions_Get_Request"/>
  <system-out/>
  <testcase name="getDivisionDetailsWithValidResponse" time="0.207" classname="Divisions_Get_Request"/>
  <system-out/>
</testsuite> <!-- Divisions_Get_Request -->
