<?xml version="1.0" encoding="UTF-8"?>
<!-- Generated by org.testng.reporters.JUnitReportReporter -->
<testsuite skipped="0" hostname="XATLCAMP13760" name="ApiSuite.Divisions_Get_Request" tests="1" failures="0" timestamp="2020-04-05T19:50:34 EDT" time="2.285" errors="0">
  <testcase name="getDivisionDetailsWithValidResponse" time="2.285" classname="ApiSuite.Divisions_Get_Request"/>
  <system-out/>
</testsuite> <!-- ApiSuite.Divisions_Get_Request -->
