<?xml version="1.0" encoding="UTF-8"?>
<!-- Generated by org.testng.reporters.JUnitReportReporter -->
<testsuite skipped="0" hostname="XATLCAMP13760" name="ApiSuite.RepInfoByDivision" tests="2" failures="0" timestamp="2020-04-06T01:51:41 EDT" time="2.590" errors="0">
  <testcase name="getRepInfoByDivisionRecursiveFalse" time="2.366" classname="ApiSuite.RepInfoByDivision"/>
  <system-out/>
  <testcase name="getRepInfoByDivisionRecursiveTrue" time="0.224" classname="ApiSuite.RepInfoByDivision"/>
  <system-out/>
</testsuite> <!-- ApiSuite.RepInfoByDivision -->
