<?xml version="1.0" encoding="UTF-8"?>
<!-- Generated by org.testng.reporters.JUnitReportReporter -->
<testsuite skipped="0" hostname="XATLCAMP13760" name="ApiSuite.Divisions" tests="1" failures="0" timestamp="2020-04-06T01:51:41 EDT" time="0.248" errors="0">
  <testcase name="getDivisionDetailsWithValidResponse" time="0.248" classname="ApiSuite.Divisions"/>
  <system-out/>
</testsuite> <!-- ApiSuite.Divisions -->
