<?xml version="1.0" encoding="UTF-8"?>
<!-- Generated by org.testng.reporters.JUnitReportReporter -->
<testsuite skipped="0" hostname="XATLCAMP13760" name="ApiSuite.RepInfoByAddress" tests="2" failures="0" timestamp="2020-04-06T01:51:41 EDT" time="0.648" errors="0">
  <testcase name="getRepInfoByAddressOfficeNotIncluded" time="0.265" classname="ApiSuite.RepInfoByAddress"/>
  <system-out/>
  <testcase name="getRepInfoByAddressOfficeIncluded" time="0.383" classname="ApiSuite.RepInfoByAddress"/>
  <system-out/>
</testsuite> <!-- ApiSuite.RepInfoByAddress -->
