<?xml version="1.0" encoding="UTF-8"?>
<!-- Generated by org.testng.reporters.JUnitReportReporter -->
<testsuite skipped="0" hostname="XATLCAMP13760" name="apiSuiteTest.java.RepInfoByDivision" tests="2" failures="0" timestamp="2020-04-06T02:24:31 EDT" time="0.430" errors="0">
  <testcase name="getRepInfoByDivisionRecursiveTrue" time="0.227" classname="apiSuiteTest.java.RepInfoByDivision"/>
  <system-out/>
  <testcase name="getRepInfoByDivisionRecursiveFalse" time="0.203" classname="apiSuiteTest.java.RepInfoByDivision"/>
  <system-out/>
</testsuite> <!-- apiSuiteTest.java.RepInfoByDivision -->
