<?xml version="1.0" encoding="UTF-8"?>
<!-- Generated by org.testng.reporters.JUnitReportReporter -->
<testsuite skipped="0" hostname="XATLCAMP13760" name="apiSuiteTest.java.Election" tests="1" failures="0" timestamp="2020-04-06T02:24:31 EDT" time="2.146" errors="0">
  <testcase name="getElectionDetailsWithValidResponse" time="2.146" classname="apiSuiteTest.java.Election"/>
  <system-out/>
</testsuite> <!-- apiSuiteTest.java.Election -->
