<?xml version="1.0" encoding="UTF-8"?>
<!-- Generated by org.testng.reporters.JUnitReportReporter -->
<testsuite skipped="0" hostname="XATLCAMP13760" name="apiSuiteTest.java.VoterInfo" tests="4" failures="0" timestamp="2020-04-06T02:24:31 EDT" time="1.124" errors="0">
  <testcase name="getVoterInfoWithAddressAllOptionsTrueValidResponse" time="0.384" classname="apiSuiteTest.java.VoterInfo"/>
  <system-out/>
  <testcase name="getVoterInfoWithAddressOfficalOnlyFalseValidResponse" time="0.317" classname="apiSuiteTest.java.VoterInfo"/>
  <system-out/>
  <testcase name="getVoterInfoWithoutAddressInvalidResponse" time="0.199" classname="apiSuiteTest.java.VoterInfo"/>
  <system-out/>
  <testcase name="getVoterInfoWithAddressAllOptionsFalseValidResponse" time="0.224" classname="apiSuiteTest.java.VoterInfo"/>
  <system-out/>
</testsuite> <!-- apiSuiteTest.java.VoterInfo -->
