<?xml version="1.0" encoding="UTF-8"?>
<!-- Generated by org.testng.reporters.JUnitReportReporter -->
<testsuite skipped="0" hostname="XATLCAMP13760" name="apiSuiteTest.java.RepInfoByAddress" tests="2" failures="0" timestamp="2020-04-06T02:24:31 EDT" time="0.430" errors="0">
  <testcase name="getRepInfoByAddressOfficeNotIncluded" time="0.215" classname="apiSuiteTest.java.RepInfoByAddress"/>
  <system-out/>
  <testcase name="getRepInfoByAddressOfficeIncluded" time="0.215" classname="apiSuiteTest.java.RepInfoByAddress"/>
  <system-out/>
</testsuite> <!-- apiSuiteTest.java.RepInfoByAddress -->
