<?xml version="1.0" encoding="UTF-8"?>
<!-- Generated by org.testng.reporters.JUnitReportReporter -->
<testsuite skipped="0" hostname="XATLCAMP13760" name="apiSuiteTest.java.Divisions" tests="1" failures="0" timestamp="2020-04-06T02:24:31 EDT" time="0.208" errors="0">
  <testcase name="getDivisionDetailsWithValidResponse" time="0.208" classname="apiSuiteTest.java.Divisions"/>
  <system-out/>
</testsuite> <!-- apiSuiteTest.java.Divisions -->
